2020-12-05 13:47:55.164  INFO 15932 --- [main] lavalink.server.Launcher                 : 

[32m       .  [31m _                  _ _       _    [32m__ _ _
[32m      /\\ [31m| | __ ___   ____ _| (_)_ __ | | __[32m\ \ \ \
[32m     ( ( )[31m| |/ _` \ \ / / _` | | | '_ \| |/ /[32m \ \ \ \
[32m      \\/ [31m| | (_| |\ V / (_| | | | | | |   < [32m  ) ) ) )
[32m       '  [31m|_|\__,_| \_/ \__,_|_|_|_| |_|_|\_\[32m / / / /
[0m    =========================================[32m/_/_/_/[0m

	Version:        3.3.2.2
	Build:          1155
	Build time:     28.11.2020 11:50:13 UTC
	Branch          dev
	Commit:         23c883a
	Commit time:    28.11.2020 11:42:10 UTC
	JVM:            15.0.1
	Lavaplayer      1.3.61

2020-12-05 13:47:55.205  INFO 15932 --- [main] o.s.boot.SpringApplication               : 
  .   ____          _            __ _ _
 /\\ / ___'_ __ _ _(_)_ __  __ _ \ \ \ \
( ( )\___ | '_ | '_| | '_ \/ _` | \ \ \ \
 \\/  ___)| |_)| | | | | || (_| |  ) ) ) )
  '  |____| .__|_| |_|_| |_\__, | / / / /
 =========|_|==============|___/=/_/_/_/
 :: Spring Boot ::        (v2.1.8.RELEASE)


2020-12-05 13:47:55.349  INFO 15932 --- [main] lavalink.server.Launcher                 : Starting Launcher on Thomaz with PID 15932 (C:\Users\thoma\Dev\DiscordBotC-\LavaLink\Lavalink.jar started by thoma in C:\Users\thoma\Dev\DiscordBotC-\LavaLink)
2020-12-05 13:47:55.351  INFO 15932 --- [main] lavalink.server.Launcher                 : No active profile set, falling back to default profiles: default
2020-12-05 13:47:55.464  WARN 15932 --- [background-preinit] o.s.h.c.j.Jackson2ObjectMapperBuilder    : For Jackson Kotlin classes support please add "com.fasterxml.jackson.module:jackson-module-kotlin" to the classpath
2020-12-05 13:47:57.192  WARN 15932 --- [main] io.undertow.websockets.jsr               : UT026010: Buffer pool was not set on WebSocketDeploymentInfo, the default pool will be used
2020-12-05 13:47:57.227  INFO 15932 --- [main] io.undertow.servlet                      : Initializing Spring embedded WebApplicationContext
2020-12-05 13:47:57.227  INFO 15932 --- [main] o.s.web.context.ContextLoader            : Root WebApplicationContext: initialization completed in 1797 ms
2020-12-05 13:47:57.686  WARN 15932 --- [main] l.server.config.SentryConfiguration      : Turning off sentry
2020-12-05 13:47:58.091  INFO 15932 --- [main] c.s.d.l.tools.GarbageCollectionMonitor   : GC monitoring enabled, reporting results every 2 minutes.
2020-12-05 13:47:58.440  INFO 15932 --- [main] lavalink.server.config.KoeConfiguration  : OS: Windows 10, Arch: amd64
2020-12-05 13:47:58.440  WARN 15932 --- [main] lavalink.server.config.KoeConfiguration  : This system and architecture appears to not support native audio sending! GC pauses may cause your bot to stutter during playback.
2020-12-05 13:47:58.773  INFO 15932 --- [main] o.s.s.concurrent.ThreadPoolTaskExecutor  : Initializing ExecutorService 'applicationTaskExecutor'
2020-12-05 13:47:59.188  INFO 15932 --- [main] org.xnio                                 : XNIO version 3.3.8.Final
2020-12-05 13:47:59.211  INFO 15932 --- [main] org.xnio.nio                             : XNIO NIO Implementation Version 3.3.8.Final
2020-12-05 13:47:59.344  INFO 15932 --- [main] o.s.b.w.e.u.UndertowServletWebServer     : Undertow started on port(s) 2333 (http) with context path ''
2020-12-05 13:47:59.352  INFO 15932 --- [main] lavalink.server.Launcher                 : Started Launcher in 4.745 seconds (JVM running for 5.218)
2020-12-05 13:47:59.354  INFO 15932 --- [main] lavalink.server.Launcher                 : You can safely ignore the big red warning about illegal reflection. See https://github.com/Frederikam/Lavalink/issues/295
2020-12-05 13:48:32.427  INFO 16616 --- [main] lavalink.server.Launcher                 : 

[32m       .  [31m _                  _ _       _    [32m__ _ _
[32m      /\\ [31m| | __ ___   ____ _| (_)_ __ | | __[32m\ \ \ \
[32m     ( ( )[31m| |/ _` \ \ / / _` | | | '_ \| |/ /[32m \ \ \ \
[32m      \\/ [31m| | (_| |\ V / (_| | | | | | |   < [32m  ) ) ) )
[32m       '  [31m|_|\__,_| \_/ \__,_|_|_|_| |_|_|\_\[32m / / / /
[0m    =========================================[32m/_/_/_/[0m

	Version:        3.3.2.2
	Build:          1155
	Build time:     28.11.2020 11:50:13 UTC
	Branch          dev
	Commit:         23c883a
	Commit time:    28.11.2020 11:42:10 UTC
	JVM:            15.0.1
	Lavaplayer      1.3.61

2020-12-05 13:48:32.464  INFO 16616 --- [main] o.s.boot.SpringApplication               : 
  .   ____          _            __ _ _
 /\\ / ___'_ __ _ _(_)_ __  __ _ \ \ \ \
( ( )\___ | '_ | '_| | '_ \/ _` | \ \ \ \
 \\/  ___)| |_)| | | | | || (_| |  ) ) ) )
  '  |____| .__|_| |_|_| |_\__, | / / / /
 =========|_|==============|___/=/_/_/_/
 :: Spring Boot ::        (v2.1.8.RELEASE)


2020-12-05 13:48:32.584  INFO 16616 --- [main] lavalink.server.Launcher                 : Starting Launcher on Thomaz with PID 16616 (C:\Users\thoma\Dev\DiscordBotC-\LavaLink\Lavalink.jar started by thoma in C:\Users\thoma\dev\DiscordBotC-\LavaLink)
2020-12-05 13:48:32.585  INFO 16616 --- [main] lavalink.server.Launcher                 : No active profile set, falling back to default profiles: default
2020-12-05 13:48:32.677  WARN 16616 --- [background-preinit] o.s.h.c.j.Jackson2ObjectMapperBuilder    : For Jackson Kotlin classes support please add "com.fasterxml.jackson.module:jackson-module-kotlin" to the classpath
2020-12-05 13:48:34.055  WARN 16616 --- [main] io.undertow.websockets.jsr               : UT026010: Buffer pool was not set on WebSocketDeploymentInfo, the default pool will be used
2020-12-05 13:48:34.092  INFO 16616 --- [main] io.undertow.servlet                      : Initializing Spring embedded WebApplicationContext
2020-12-05 13:48:34.093  INFO 16616 --- [main] o.s.web.context.ContextLoader            : Root WebApplicationContext: initialization completed in 1453 ms
2020-12-05 13:48:34.567  WARN 16616 --- [main] l.server.config.SentryConfiguration      : Turning off sentry
2020-12-05 13:48:34.959  INFO 16616 --- [main] c.s.d.l.tools.GarbageCollectionMonitor   : GC monitoring enabled, reporting results every 2 minutes.
2020-12-05 13:48:35.292  INFO 16616 --- [main] lavalink.server.config.KoeConfiguration  : OS: Windows 10, Arch: amd64
2020-12-05 13:48:35.293  WARN 16616 --- [main] lavalink.server.config.KoeConfiguration  : This system and architecture appears to not support native audio sending! GC pauses may cause your bot to stutter during playback.
2020-12-05 13:48:35.611  INFO 16616 --- [main] o.s.s.concurrent.ThreadPoolTaskExecutor  : Initializing ExecutorService 'applicationTaskExecutor'
2020-12-05 13:48:35.969  INFO 16616 --- [main] org.xnio                                 : XNIO version 3.3.8.Final
2020-12-05 13:48:35.986  INFO 16616 --- [main] org.xnio.nio                             : XNIO NIO Implementation Version 3.3.8.Final
2020-12-05 13:48:36.073  INFO 16616 --- [main] ConditionEvaluationReportLoggingListener : 

Error starting ApplicationContext. To display the conditions report re-run your application with 'debug' enabled.
2020-12-05 13:48:36.077 ERROR 16616 --- [main] lavalink.server.Launcher                 : Application failed

org.springframework.boot.web.server.PortInUseException: Port 2333 is already in use
	at org.springframework.boot.web.embedded.undertow.UndertowServletWebServer.start(UndertowServletWebServer.java:154) ~[spring-boot-2.1.8.RELEASE.jar!/:2.1.8.RELEASE]
	at org.springframework.boot.web.servlet.context.ServletWebServerApplicationContext.startWebServer(ServletWebServerApplicationContext.java:297) ~[spring-boot-2.1.8.RELEASE.jar!/:2.1.8.RELEASE]
	at org.springframework.boot.web.servlet.context.ServletWebServerApplicationContext.finishRefresh(ServletWebServerApplicationContext.java:163) ~[spring-boot-2.1.8.RELEASE.jar!/:2.1.8.RELEASE]
	at org.springframework.context.support.AbstractApplicationContext.refresh(AbstractApplicationContext.java:552) ~[spring-context-5.1.9.RELEASE.jar!/:5.1.9.RELEASE]
	at org.springframework.boot.web.servlet.context.ServletWebServerApplicationContext.refresh(ServletWebServerApplicationContext.java:141) ~[spring-boot-2.1.8.RELEASE.jar!/:2.1.8.RELEASE]
	at org.springframework.boot.SpringApplication.refresh(SpringApplication.java:744) ~[spring-boot-2.1.8.RELEASE.jar!/:2.1.8.RELEASE]
	at org.springframework.boot.SpringApplication.refreshContext(SpringApplication.java:391) ~[spring-boot-2.1.8.RELEASE.jar!/:2.1.8.RELEASE]
	at org.springframework.boot.SpringApplication.run(SpringApplication.java:312) ~[spring-boot-2.1.8.RELEASE.jar!/:2.1.8.RELEASE]
	at lavalink.server.Launcher.main(Launcher.kt:127) ~[classes!/:na]
	at java.base/jdk.internal.reflect.NativeMethodAccessorImpl.invoke0(Native Method) ~[na:na]
	at java.base/jdk.internal.reflect.NativeMethodAccessorImpl.invoke(NativeMethodAccessorImpl.java:64) ~[na:na]
	at java.base/jdk.internal.reflect.DelegatingMethodAccessorImpl.invoke(DelegatingMethodAccessorImpl.java:43) ~[na:na]
	at java.base/java.lang.reflect.Method.invoke(Method.java:564) ~[na:na]
	at org.springframework.boot.loader.MainMethodRunner.run(MainMethodRunner.java:48) ~[Lavalink.jar:na]
	at org.springframework.boot.loader.Launcher.launch(Launcher.java:87) ~[Lavalink.jar:na]
	at org.springframework.boot.loader.Launcher.launch(Launcher.java:51) ~[Lavalink.jar:na]
	at org.springframework.boot.loader.JarLauncher.main(JarLauncher.java:52) ~[Lavalink.jar:na]

2020-12-05 13:48:36.083 ERROR 16616 --- [main] o.s.b.d.LoggingFailureAnalysisReporter   : 

***************************
APPLICATION FAILED TO START
***************************

Description:

Web server failed to start. Port 2333 was already in use.

Action:

Identify and stop the process that's listening on port 2333 or configure this application to listen on another port.

2020-12-05 13:48:36.087  INFO 16616 --- [main] o.s.s.concurrent.ThreadPoolTaskExecutor  : Shutting down ExecutorService 'applicationTaskExecutor'
2020-12-05 13:48:36.088  INFO 16616 --- [main] c.s.d.l.tools.GarbageCollectionMonitor   : GC monitoring disabled.
2020-12-05 13:49:18.070  INFO 18136 --- [main] lavalink.server.Launcher                 : 

[32m       .  [31m _                  _ _       _    [32m__ _ _
[32m      /\\ [31m| | __ ___   ____ _| (_)_ __ | | __[32m\ \ \ \
[32m     ( ( )[31m| |/ _` \ \ / / _` | | | '_ \| |/ /[32m \ \ \ \
[32m      \\/ [31m| | (_| |\ V / (_| | | | | | |   < [32m  ) ) ) )
[32m       '  [31m|_|\__,_| \_/ \__,_|_|_|_| |_|_|\_\[32m / / / /
[0m    =========================================[32m/_/_/_/[0m

	Version:        3.3.2.2
	Build:          1155
	Build time:     28.11.2020 11:50:13 UTC
	Branch          dev
	Commit:         23c883a
	Commit time:    28.11.2020 11:42:10 UTC
	JVM:            15.0.1
	Lavaplayer      1.3.61

2020-12-05 13:49:18.106  INFO 18136 --- [main] o.s.boot.SpringApplication               : 
  .   ____          _            __ _ _
 /\\ / ___'_ __ _ _(_)_ __  __ _ \ \ \ \
( ( )\___ | '_ | '_| | '_ \/ _` | \ \ \ \
 \\/  ___)| |_)| | | | | || (_| |  ) ) ) )
  '  |____| .__|_| |_|_| |_\__, | / / / /
 =========|_|==============|___/=/_/_/_/
 :: Spring Boot ::        (v2.1.8.RELEASE)


2020-12-05 13:49:18.222  INFO 18136 --- [main] lavalink.server.Launcher                 : Starting Launcher on Thomaz with PID 18136 (C:\Users\thoma\Dev\DiscordBotC-\LavaLink\Lavalink.jar started by thoma in C:\Users\thoma\dev\DiscordBotC-\LavaLink)
2020-12-05 13:49:18.223  INFO 18136 --- [main] lavalink.server.Launcher                 : No active profile set, falling back to default profiles: default
2020-12-05 13:49:18.303  WARN 18136 --- [background-preinit] o.s.h.c.j.Jackson2ObjectMapperBuilder    : For Jackson Kotlin classes support please add "com.fasterxml.jackson.module:jackson-module-kotlin" to the classpath
2020-12-05 13:49:19.680  WARN 18136 --- [main] io.undertow.websockets.jsr               : UT026010: Buffer pool was not set on WebSocketDeploymentInfo, the default pool will be used
2020-12-05 13:49:19.717  INFO 18136 --- [main] io.undertow.servlet                      : Initializing Spring embedded WebApplicationContext
2020-12-05 13:49:19.718  INFO 18136 --- [main] o.s.web.context.ContextLoader            : Root WebApplicationContext: initialization completed in 1444 ms
2020-12-05 13:49:20.142  WARN 18136 --- [main] l.server.config.SentryConfiguration      : Turning off sentry
2020-12-05 13:49:20.491  INFO 18136 --- [main] c.s.d.l.tools.GarbageCollectionMonitor   : GC monitoring enabled, reporting results every 2 minutes.
2020-12-05 13:49:20.765  INFO 18136 --- [main] lavalink.server.config.KoeConfiguration  : OS: Windows 10, Arch: amd64
2020-12-05 13:49:20.767  WARN 18136 --- [main] lavalink.server.config.KoeConfiguration  : This system and architecture appears to not support native audio sending! GC pauses may cause your bot to stutter during playback.
2020-12-05 13:49:21.081  INFO 18136 --- [main] o.s.s.concurrent.ThreadPoolTaskExecutor  : Initializing ExecutorService 'applicationTaskExecutor'
2020-12-05 13:49:21.414  INFO 18136 --- [main] org.xnio                                 : XNIO version 3.3.8.Final
2020-12-05 13:49:21.438  INFO 18136 --- [main] org.xnio.nio                             : XNIO NIO Implementation Version 3.3.8.Final
2020-12-05 13:49:21.513  INFO 18136 --- [main] o.s.b.w.e.u.UndertowServletWebServer     : Undertow started on port(s) 2333 (http) with context path ''
2020-12-05 13:49:21.520  INFO 18136 --- [main] lavalink.server.Launcher                 : Started Launcher in 3.971 seconds (JVM running for 4.55)
2020-12-05 13:49:21.521  INFO 18136 --- [main] lavalink.server.Launcher                 : You can safely ignore the big red warning about illegal reflection. See https://github.com/Frederikam/Lavalink/issues/295
2020-12-05 14:13:37.060  INFO 18136 --- [XNIO-1 task-1] io.undertow.servlet                      : Initializing Spring DispatcherServlet 'dispatcherServlet'
2020-12-05 14:13:37.061  INFO 18136 --- [XNIO-1 task-1] o.s.web.servlet.DispatcherServlet        : Initializing Servlet 'dispatcherServlet'
2020-12-05 14:13:37.070  INFO 18136 --- [XNIO-1 task-1] o.s.web.servlet.DispatcherServlet        : Completed initialization in 8 ms
2020-12-05 14:13:37.096  INFO 18136 --- [XNIO-1 task-1] l.server.io.HandshakeInterceptorImpl     : Incoming connection from /127.0.0.1:62962
2020-12-05 14:13:37.167  INFO 18136 --- [XNIO-1 task-1] lavalink.server.io.SocketServer          : Connection successfully established from /127.0.0.1:62962
2020-12-05 14:14:27.667  INFO 10884 --- [main] lavalink.server.Launcher                 : 

[32m       .  [31m _                  _ _       _    [32m__ _ _
[32m      /\\ [31m| | __ ___   ____ _| (_)_ __ | | __[32m\ \ \ \
[32m     ( ( )[31m| |/ _` \ \ / / _` | | | '_ \| |/ /[32m \ \ \ \
[32m      \\/ [31m| | (_| |\ V / (_| | | | | | |   < [32m  ) ) ) )
[32m       '  [31m|_|\__,_| \_/ \__,_|_|_|_| |_|_|\_\[32m / / / /
[0m    =========================================[32m/_/_/_/[0m

	Version:        3.3.2.2
	Build:          1155
	Build time:     28.11.2020 11:50:13 UTC
	Branch          dev
	Commit:         23c883a
	Commit time:    28.11.2020 11:42:10 UTC
	JVM:            15.0.1
	Lavaplayer      1.3.61

2020-12-05 14:14:27.710  INFO 10884 --- [main] o.s.boot.SpringApplication               : 
  .   ____          _            __ _ _
 /\\ / ___'_ __ _ _(_)_ __  __ _ \ \ \ \
( ( )\___ | '_ | '_| | '_ \/ _` | \ \ \ \
 \\/  ___)| |_)| | | | | || (_| |  ) ) ) )
  '  |____| .__|_| |_|_| |_\__, | / / / /
 =========|_|==============|___/=/_/_/_/
 :: Spring Boot ::        (v2.1.8.RELEASE)


2020-12-05 14:14:27.833  INFO 10884 --- [main] lavalink.server.Launcher                 : Starting Launcher on Thomaz with PID 10884 (C:\Users\thoma\Dev\DiscordBotC-\LavaLink\Lavalink.jar started by thoma in C:\Users\thoma\dev\DiscordBotC-\LavaLink)
2020-12-05 14:14:27.835  INFO 10884 --- [main] lavalink.server.Launcher                 : No active profile set, falling back to default profiles: default
2020-12-05 14:14:27.923  WARN 10884 --- [background-preinit] o.s.h.c.j.Jackson2ObjectMapperBuilder    : For Jackson Kotlin classes support please add "com.fasterxml.jackson.module:jackson-module-kotlin" to the classpath
2020-12-05 14:14:29.206  WARN 10884 --- [main] io.undertow.websockets.jsr               : UT026010: Buffer pool was not set on WebSocketDeploymentInfo, the default pool will be used
2020-12-05 14:14:29.243  INFO 10884 --- [main] io.undertow.servlet                      : Initializing Spring embedded WebApplicationContext
2020-12-05 14:14:29.243  INFO 10884 --- [main] o.s.web.context.ContextLoader            : Root WebApplicationContext: initialization completed in 1357 ms
2020-12-05 14:14:29.720  WARN 10884 --- [main] l.server.config.SentryConfiguration      : Turning off sentry
2020-12-05 14:14:30.060  INFO 10884 --- [main] c.s.d.l.tools.GarbageCollectionMonitor   : GC monitoring enabled, reporting results every 2 minutes.
2020-12-05 14:14:30.321  INFO 10884 --- [main] lavalink.server.config.KoeConfiguration  : OS: Windows 10, Arch: amd64
2020-12-05 14:14:30.321  WARN 10884 --- [main] lavalink.server.config.KoeConfiguration  : This system and architecture appears to not support native audio sending! GC pauses may cause your bot to stutter during playback.
2020-12-05 14:14:30.603  INFO 10884 --- [main] o.s.s.concurrent.ThreadPoolTaskExecutor  : Initializing ExecutorService 'applicationTaskExecutor'
2020-12-05 14:14:30.949  INFO 10884 --- [main] org.xnio                                 : XNIO version 3.3.8.Final
2020-12-05 14:14:30.966  INFO 10884 --- [main] org.xnio.nio                             : XNIO NIO Implementation Version 3.3.8.Final
2020-12-05 14:14:31.050  INFO 10884 --- [main] o.s.b.w.e.u.UndertowServletWebServer     : Undertow started on port(s) 2333 (http) with context path ''
2020-12-05 14:14:31.056  INFO 10884 --- [main] lavalink.server.Launcher                 : Started Launcher in 3.835 seconds (JVM running for 4.274)
2020-12-05 14:14:31.058  INFO 10884 --- [main] lavalink.server.Launcher                 : You can safely ignore the big red warning about illegal reflection. See https://github.com/Frederikam/Lavalink/issues/295
2020-12-05 14:14:38.460  INFO 10884 --- [XNIO-1 task-1] io.undertow.servlet                      : Initializing Spring DispatcherServlet 'dispatcherServlet'
2020-12-05 14:14:38.461  INFO 10884 --- [XNIO-1 task-1] o.s.web.servlet.DispatcherServlet        : Initializing Servlet 'dispatcherServlet'
2020-12-05 14:14:38.472  INFO 10884 --- [XNIO-1 task-1] o.s.web.servlet.DispatcherServlet        : Completed initialization in 10 ms
2020-12-05 14:14:38.502  INFO 10884 --- [XNIO-1 task-1] l.server.io.HandshakeInterceptorImpl     : Incoming connection from /127.0.0.1:63022
2020-12-05 14:14:38.579  INFO 10884 --- [XNIO-1 task-1] lavalink.server.io.SocketServer          : Connection successfully established from /127.0.0.1:63022
2020-12-05 14:14:44.827  INFO 10884 --- [XNIO-1 I/O-2] lavalink.server.io.SocketServer          : Connection closed from /127.0.0.1:63022 -- CloseStatus[code=1006, reason=]
2020-12-05 14:14:44.830  INFO 10884 --- [XNIO-1 I/O-2] lavalink.server.io.SocketContext         : Shutting down 0 playing players.
2020-12-05 14:27:28.790  INFO 10884 --- [XNIO-1 task-2] l.server.io.HandshakeInterceptorImpl     : Incoming connection from /127.0.0.1:63120
2020-12-05 14:27:28.795  INFO 10884 --- [XNIO-1 task-2] lavalink.server.io.SocketServer          : Connection successfully established from /127.0.0.1:63120
2020-12-05 14:27:42.800  INFO 10884 --- [XNIO-1 I/O-4] lavalink.server.io.SocketServer          : Connection closed from /127.0.0.1:63120 -- CloseStatus[code=1006, reason=]
2020-12-05 14:27:42.800  INFO 10884 --- [XNIO-1 I/O-4] lavalink.server.io.SocketContext         : Shutting down 0 playing players.
2020-12-05 14:51:59.392  INFO 10884 --- [XNIO-1 task-3] l.server.io.HandshakeInterceptorImpl     : Incoming connection from /127.0.0.1:63441
2020-12-05 14:51:59.398  INFO 10884 --- [XNIO-1 task-3] lavalink.server.io.SocketServer          : Connection successfully established from /127.0.0.1:63441
2020-12-05 14:55:32.013  INFO 10884 --- [XNIO-1 I/O-5] lavalink.server.io.SocketServer          : Connection closed from /127.0.0.1:63441 -- CloseStatus[code=1006, reason=]
2020-12-05 14:55:32.014  INFO 10884 --- [XNIO-1 I/O-5] lavalink.server.io.SocketContext         : Shutting down 0 playing players.
2020-12-05 14:55:35.877  INFO 10884 --- [XNIO-1 task-4] l.server.io.HandshakeInterceptorImpl     : Incoming connection from /127.0.0.1:63509
2020-12-05 14:55:35.882  INFO 10884 --- [XNIO-1 task-4] lavalink.server.io.SocketServer          : Connection successfully established from /127.0.0.1:63509
2020-12-05 14:56:55.934  INFO 10884 --- [XNIO-1 I/O-1] lavalink.server.io.SocketServer          : Connection closed from /127.0.0.1:63509 -- CloseStatus[code=1006, reason=]
2020-12-05 14:56:55.935  INFO 10884 --- [XNIO-1 I/O-1] lavalink.server.io.SocketContext         : Shutting down 0 playing players.
2020-12-05 16:27:09.264  INFO 13568 --- [main] lavalink.server.Launcher                 : 

[32m       .  [31m _                  _ _       _    [32m__ _ _
[32m      /\\ [31m| | __ ___   ____ _| (_)_ __ | | __[32m\ \ \ \
[32m     ( ( )[31m| |/ _` \ \ / / _` | | | '_ \| |/ /[32m \ \ \ \
[32m      \\/ [31m| | (_| |\ V / (_| | | | | | |   < [32m  ) ) ) )
[32m       '  [31m|_|\__,_| \_/ \__,_|_|_|_| |_|_|\_\[32m / / / /
[0m    =========================================[32m/_/_/_/[0m

	Version:        3.3.2.2
	Build:          1155
	Build time:     28.11.2020 11:50:13 UTC
	Branch          dev
	Commit:         23c883a
	Commit time:    28.11.2020 11:42:10 UTC
	JVM:            15.0.1
	Lavaplayer      1.3.61

2020-12-05 16:27:09.301  INFO 13568 --- [main] o.s.boot.SpringApplication               : 
  .   ____          _            __ _ _
 /\\ / ___'_ __ _ _(_)_ __  __ _ \ \ \ \
( ( )\___ | '_ | '_| | '_ \/ _` | \ \ \ \
 \\/  ___)| |_)| | | | | || (_| |  ) ) ) )
  '  |____| .__|_| |_|_| |_\__, | / / / /
 =========|_|==============|___/=/_/_/_/
 :: Spring Boot ::        (v2.1.8.RELEASE)


2020-12-05 16:27:09.464  INFO 13568 --- [main] lavalink.server.Launcher                 : Starting Launcher on Thomaz with PID 13568 (C:\Users\thoma\Dev\DiscordBotC-\LavaLink\Lavalink.jar started by thoma in C:\Users\thoma\Dev\DiscordBotC-\LavaLink)
2020-12-05 16:27:09.465  INFO 13568 --- [main] lavalink.server.Launcher                 : No active profile set, falling back to default profiles: default
2020-12-05 16:27:09.556  WARN 13568 --- [background-preinit] o.s.h.c.j.Jackson2ObjectMapperBuilder    : For Jackson Kotlin classes support please add "com.fasterxml.jackson.module:jackson-module-kotlin" to the classpath
2020-12-05 16:27:10.812  WARN 13568 --- [main] io.undertow.websockets.jsr               : UT026010: Buffer pool was not set on WebSocketDeploymentInfo, the default pool will be used
2020-12-05 16:27:10.847  INFO 13568 --- [main] io.undertow.servlet                      : Initializing Spring embedded WebApplicationContext
2020-12-05 16:27:10.848  INFO 13568 --- [main] o.s.web.context.ContextLoader            : Root WebApplicationContext: initialization completed in 1328 ms
2020-12-05 16:27:11.465  WARN 13568 --- [main] l.server.config.SentryConfiguration      : Turning off sentry
2020-12-05 16:27:11.787  INFO 13568 --- [main] c.s.d.l.tools.GarbageCollectionMonitor   : GC monitoring enabled, reporting results every 2 minutes.
2020-12-05 16:27:12.018  INFO 13568 --- [main] lavalink.server.config.KoeConfiguration  : OS: Windows 10, Arch: amd64
2020-12-05 16:27:12.019  WARN 13568 --- [main] lavalink.server.config.KoeConfiguration  : This system and architecture appears to not support native audio sending! GC pauses may cause your bot to stutter during playback.
2020-12-05 16:27:12.266  INFO 13568 --- [main] o.s.s.concurrent.ThreadPoolTaskExecutor  : Initializing ExecutorService 'applicationTaskExecutor'
2020-12-05 16:27:12.615  INFO 13568 --- [main] org.xnio                                 : XNIO version 3.3.8.Final
2020-12-05 16:27:12.632  INFO 13568 --- [main] org.xnio.nio                             : XNIO NIO Implementation Version 3.3.8.Final
2020-12-05 16:27:12.707  INFO 13568 --- [main] ConditionEvaluationReportLoggingListener : 

Error starting ApplicationContext. To display the conditions report re-run your application with 'debug' enabled.
2020-12-05 16:27:12.712 ERROR 13568 --- [main] lavalink.server.Launcher                 : Application failed

org.springframework.boot.web.server.PortInUseException: Port 2333 is already in use
	at org.springframework.boot.web.embedded.undertow.UndertowServletWebServer.start(UndertowServletWebServer.java:154) ~[spring-boot-2.1.8.RELEASE.jar!/:2.1.8.RELEASE]
	at org.springframework.boot.web.servlet.context.ServletWebServerApplicationContext.startWebServer(ServletWebServerApplicationContext.java:297) ~[spring-boot-2.1.8.RELEASE.jar!/:2.1.8.RELEASE]
	at org.springframework.boot.web.servlet.context.ServletWebServerApplicationContext.finishRefresh(ServletWebServerApplicationContext.java:163) ~[spring-boot-2.1.8.RELEASE.jar!/:2.1.8.RELEASE]
	at org.springframework.context.support.AbstractApplicationContext.refresh(AbstractApplicationContext.java:552) ~[spring-context-5.1.9.RELEASE.jar!/:5.1.9.RELEASE]
	at org.springframework.boot.web.servlet.context.ServletWebServerApplicationContext.refresh(ServletWebServerApplicationContext.java:141) ~[spring-boot-2.1.8.RELEASE.jar!/:2.1.8.RELEASE]
	at org.springframework.boot.SpringApplication.refresh(SpringApplication.java:744) ~[spring-boot-2.1.8.RELEASE.jar!/:2.1.8.RELEASE]
	at org.springframework.boot.SpringApplication.refreshContext(SpringApplication.java:391) ~[spring-boot-2.1.8.RELEASE.jar!/:2.1.8.RELEASE]
	at org.springframework.boot.SpringApplication.run(SpringApplication.java:312) ~[spring-boot-2.1.8.RELEASE.jar!/:2.1.8.RELEASE]
	at lavalink.server.Launcher.main(Launcher.kt:127) ~[classes!/:na]
	at java.base/jdk.internal.reflect.NativeMethodAccessorImpl.invoke0(Native Method) ~[na:na]
	at java.base/jdk.internal.reflect.NativeMethodAccessorImpl.invoke(NativeMethodAccessorImpl.java:64) ~[na:na]
	at java.base/jdk.internal.reflect.DelegatingMethodAccessorImpl.invoke(DelegatingMethodAccessorImpl.java:43) ~[na:na]
	at java.base/java.lang.reflect.Method.invoke(Method.java:564) ~[na:na]
	at org.springframework.boot.loader.MainMethodRunner.run(MainMethodRunner.java:48) ~[Lavalink.jar:na]
	at org.springframework.boot.loader.Launcher.launch(Launcher.java:87) ~[Lavalink.jar:na]
	at org.springframework.boot.loader.Launcher.launch(Launcher.java:51) ~[Lavalink.jar:na]
	at org.springframework.boot.loader.JarLauncher.main(JarLauncher.java:52) ~[Lavalink.jar:na]

2020-12-05 16:27:12.715 ERROR 13568 --- [main] o.s.b.d.LoggingFailureAnalysisReporter   : 

***************************
APPLICATION FAILED TO START
***************************

Description:

Web server failed to start. Port 2333 was already in use.

Action:

Identify and stop the process that's listening on port 2333 or configure this application to listen on another port.

2020-12-05 16:27:12.718  INFO 13568 --- [main] o.s.s.concurrent.ThreadPoolTaskExecutor  : Shutting down ExecutorService 'applicationTaskExecutor'
2020-12-05 16:27:12.719  INFO 13568 --- [main] c.s.d.l.tools.GarbageCollectionMonitor   : GC monitoring disabled.
2020-12-05 16:27:22.421  INFO 16632 --- [main] lavalink.server.Launcher                 : 

[32m       .  [31m _                  _ _       _    [32m__ _ _
[32m      /\\ [31m| | __ ___   ____ _| (_)_ __ | | __[32m\ \ \ \
[32m     ( ( )[31m| |/ _` \ \ / / _` | | | '_ \| |/ /[32m \ \ \ \
[32m      \\/ [31m| | (_| |\ V / (_| | | | | | |   < [32m  ) ) ) )
[32m       '  [31m|_|\__,_| \_/ \__,_|_|_|_| |_|_|\_\[32m / / / /
[0m    =========================================[32m/_/_/_/[0m

	Version:        3.3.2.2
	Build:          1155
	Build time:     28.11.2020 11:50:13 UTC
	Branch          dev
	Commit:         23c883a
	Commit time:    28.11.2020 11:42:10 UTC
	JVM:            15.0.1
	Lavaplayer      1.3.61

2020-12-05 16:27:22.455  INFO 16632 --- [main] o.s.boot.SpringApplication               : 
  .   ____          _            __ _ _
 /\\ / ___'_ __ _ _(_)_ __  __ _ \ \ \ \
( ( )\___ | '_ | '_| | '_ \/ _` | \ \ \ \
 \\/  ___)| |_)| | | | | || (_| |  ) ) ) )
  '  |____| .__|_| |_|_| |_\__, | / / / /
 =========|_|==============|___/=/_/_/_/
 :: Spring Boot ::        (v2.1.8.RELEASE)


2020-12-05 16:27:22.577  INFO 16632 --- [main] lavalink.server.Launcher                 : Starting Launcher on Thomaz with PID 16632 (C:\Users\thoma\Dev\DiscordBotC-\LavaLink\Lavalink.jar started by thoma in C:\Users\thoma\Dev\DiscordBotC-\LavaLink)
2020-12-05 16:27:22.577  INFO 16632 --- [main] lavalink.server.Launcher                 : No active profile set, falling back to default profiles: default
2020-12-05 16:27:22.676  WARN 16632 --- [background-preinit] o.s.h.c.j.Jackson2ObjectMapperBuilder    : For Jackson Kotlin classes support please add "com.fasterxml.jackson.module:jackson-module-kotlin" to the classpath
2020-12-05 16:27:24.115  WARN 16632 --- [main] io.undertow.websockets.jsr               : UT026010: Buffer pool was not set on WebSocketDeploymentInfo, the default pool will be used
2020-12-05 16:27:24.159  INFO 16632 --- [main] io.undertow.servlet                      : Initializing Spring embedded WebApplicationContext
2020-12-05 16:27:24.160  INFO 16632 --- [main] o.s.web.context.ContextLoader            : Root WebApplicationContext: initialization completed in 1519 ms
2020-12-05 16:27:24.640  WARN 16632 --- [main] l.server.config.SentryConfiguration      : Turning off sentry
2020-12-05 16:27:25.036  INFO 16632 --- [main] c.s.d.l.tools.GarbageCollectionMonitor   : GC monitoring enabled, reporting results every 2 minutes.
2020-12-05 16:27:25.322  INFO 16632 --- [main] lavalink.server.config.KoeConfiguration  : OS: Windows 10, Arch: amd64
2020-12-05 16:27:25.322  WARN 16632 --- [main] lavalink.server.config.KoeConfiguration  : This system and architecture appears to not support native audio sending! GC pauses may cause your bot to stutter during playback.
2020-12-05 16:27:25.639  INFO 16632 --- [main] o.s.s.concurrent.ThreadPoolTaskExecutor  : Initializing ExecutorService 'applicationTaskExecutor'
2020-12-05 16:27:26.026  INFO 16632 --- [main] org.xnio                                 : XNIO version 3.3.8.Final
2020-12-05 16:27:26.053  INFO 16632 --- [main] org.xnio.nio                             : XNIO NIO Implementation Version 3.3.8.Final
2020-12-05 16:27:26.168  INFO 16632 --- [main] ConditionEvaluationReportLoggingListener : 

Error starting ApplicationContext. To display the conditions report re-run your application with 'debug' enabled.
2020-12-05 16:27:26.175 ERROR 16632 --- [main] lavalink.server.Launcher                 : Application failed

org.springframework.boot.web.server.PortInUseException: Port 2333 is already in use
	at org.springframework.boot.web.embedded.undertow.UndertowServletWebServer.start(UndertowServletWebServer.java:154) ~[spring-boot-2.1.8.RELEASE.jar!/:2.1.8.RELEASE]
	at org.springframework.boot.web.servlet.context.ServletWebServerApplicationContext.startWebServer(ServletWebServerApplicationContext.java:297) ~[spring-boot-2.1.8.RELEASE.jar!/:2.1.8.RELEASE]
	at org.springframework.boot.web.servlet.context.ServletWebServerApplicationContext.finishRefresh(ServletWebServerApplicationContext.java:163) ~[spring-boot-2.1.8.RELEASE.jar!/:2.1.8.RELEASE]
	at org.springframework.context.support.AbstractApplicationContext.refresh(AbstractApplicationContext.java:552) ~[spring-context-5.1.9.RELEASE.jar!/:5.1.9.RELEASE]
	at org.springframework.boot.web.servlet.context.ServletWebServerApplicationContext.refresh(ServletWebServerApplicationContext.java:141) ~[spring-boot-2.1.8.RELEASE.jar!/:2.1.8.RELEASE]
	at org.springframework.boot.SpringApplication.refresh(SpringApplication.java:744) ~[spring-boot-2.1.8.RELEASE.jar!/:2.1.8.RELEASE]
	at org.springframework.boot.SpringApplication.refreshContext(SpringApplication.java:391) ~[spring-boot-2.1.8.RELEASE.jar!/:2.1.8.RELEASE]
	at org.springframework.boot.SpringApplication.run(SpringApplication.java:312) ~[spring-boot-2.1.8.RELEASE.jar!/:2.1.8.RELEASE]
	at lavalink.server.Launcher.main(Launcher.kt:127) ~[classes!/:na]
	at java.base/jdk.internal.reflect.NativeMethodAccessorImpl.invoke0(Native Method) ~[na:na]
	at java.base/jdk.internal.reflect.NativeMethodAccessorImpl.invoke(NativeMethodAccessorImpl.java:64) ~[na:na]
	at java.base/jdk.internal.reflect.DelegatingMethodAccessorImpl.invoke(DelegatingMethodAccessorImpl.java:43) ~[na:na]
	at java.base/java.lang.reflect.Method.invoke(Method.java:564) ~[na:na]
	at org.springframework.boot.loader.MainMethodRunner.run(MainMethodRunner.java:48) ~[Lavalink.jar:na]
	at org.springframework.boot.loader.Launcher.launch(Launcher.java:87) ~[Lavalink.jar:na]
	at org.springframework.boot.loader.Launcher.launch(Launcher.java:51) ~[Lavalink.jar:na]
	at org.springframework.boot.loader.JarLauncher.main(JarLauncher.java:52) ~[Lavalink.jar:na]

2020-12-05 16:27:26.185 ERROR 16632 --- [main] o.s.b.d.LoggingFailureAnalysisReporter   : 

***************************
APPLICATION FAILED TO START
***************************

Description:

Web server failed to start. Port 2333 was already in use.

Action:

Identify and stop the process that's listening on port 2333 or configure this application to listen on another port.

2020-12-05 16:27:26.190  INFO 16632 --- [main] o.s.s.concurrent.ThreadPoolTaskExecutor  : Shutting down ExecutorService 'applicationTaskExecutor'
2020-12-05 16:27:26.192  INFO 16632 --- [main] c.s.d.l.tools.GarbageCollectionMonitor   : GC monitoring disabled.
2020-12-05 16:27:48.050  INFO 10884 --- [XNIO-1 task-5] l.server.io.HandshakeInterceptorImpl     : Incoming connection from /127.0.0.1:64375
2020-12-05 16:27:48.057  INFO 10884 --- [XNIO-1 task-5] lavalink.server.io.SocketServer          : Connection successfully established from /127.0.0.1:64375
2020-12-05 16:28:18.683  INFO 10884 --- [XNIO-1 I/O-3] lavalink.server.io.SocketServer          : Connection closed from /127.0.0.1:64375 -- CloseStatus[code=1006, reason=]
2020-12-05 16:28:18.684  INFO 10884 --- [XNIO-1 I/O-3] lavalink.server.io.SocketContext         : Shutting down 0 playing players.
2020-12-05 16:28:22.857  INFO 10884 --- [XNIO-1 task-6] l.server.io.HandshakeInterceptorImpl     : Incoming connection from /127.0.0.1:64389
2020-12-05 16:28:22.862  INFO 10884 --- [XNIO-1 task-6] lavalink.server.io.SocketServer          : Connection successfully established from /127.0.0.1:64389
2020-12-05 16:28:28.522  INFO 10884 --- [Thread-1] o.s.s.concurrent.ThreadPoolTaskExecutor  : Shutting down ExecutorService 'applicationTaskExecutor'
2020-12-05 16:28:28.528  INFO 10884 --- [Thread-1] c.s.d.l.tools.GarbageCollectionMonitor   : GC monitoring disabled.
2020-12-05 16:28:28.540  INFO 10884 --- [Thread-1] io.undertow.servlet                      : Destroying Spring FrameworkServlet 'dispatcherServlet'
2020-12-05 16:28:28.560 ERROR 10884 --- [XNIO-1 I/O-1] org.xnio.listener                        : XNIO001007: A channel event listener threw an exception

java.util.concurrent.RejectedExecutionException: XNIO007007: Thread is terminating
	at org.xnio.nio.WorkerThread.execute(WorkerThread.java:590) ~[xnio-nio-3.3.8.Final.jar!/:3.3.8.Final]
	at io.undertow.websockets.jsr.UndertowSession$3.handleEvent(UndertowSession.java:396) ~[undertow-websockets-jsr-2.0.26.Final.jar!/:2.0.26.Final]
	at io.undertow.websockets.jsr.UndertowSession$3.handleEvent(UndertowSession.java:388) ~[undertow-websockets-jsr-2.0.26.Final.jar!/:2.0.26.Final]
	at org.xnio.ChannelListeners.invokeChannelListener(ChannelListeners.java:92) ~[xnio-api-3.3.8.Final.jar!/:3.3.8.Final]
	at io.undertow.server.protocol.framed.AbstractFramedChannel$FrameCloseListener.handleEvent(AbstractFramedChannel.java:1063) ~[undertow-core-2.0.26.Final.jar!/:2.0.26.Final]
	at io.undertow.server.protocol.framed.AbstractFramedChannel$FrameCloseListener.handleEvent(AbstractFramedChannel.java:978) ~[undertow-core-2.0.26.Final.jar!/:2.0.26.Final]
	at org.xnio.ChannelListeners.invokeChannelListener(ChannelListeners.java:92) ~[xnio-api-3.3.8.Final.jar!/:3.3.8.Final]
	at org.xnio.conduits.WriteReadyHandler$ChannelListenerHandler.terminated(WriteReadyHandler.java:70) ~[xnio-api-3.3.8.Final.jar!/:3.3.8.Final]
	at org.xnio.nio.NioSocketConduit.writeTerminated(NioSocketConduit.java:234) ~[xnio-nio-3.3.8.Final.jar!/:3.3.8.Final]
	at org.xnio.nio.NioSocketConduit.terminateWrites(NioSocketConduit.java:223) ~[xnio-nio-3.3.8.Final.jar!/:3.3.8.Final]
	at org.xnio.nio.NioSocketConduit.truncateWrites(NioSocketConduit.java:228) ~[xnio-nio-3.3.8.Final.jar!/:3.3.8.Final]
	at io.undertow.conduits.IdleTimeoutConduit.truncateWrites(IdleTimeoutConduit.java:387) ~[undertow-core-2.0.26.Final.jar!/:2.0.26.Final]
	at org.xnio.conduits.ConduitStreamSinkChannel.close(ConduitStreamSinkChannel.java:186) ~[xnio-api-3.3.8.Final.jar!/:3.3.8.Final]
	at org.xnio.IoUtils.safeClose(IoUtils.java:134) ~[xnio-api-3.3.8.Final.jar!/:3.3.8.Final]
	at org.xnio.conduits.WriteReadyHandler$ChannelListenerHandler.forceTermination(WriteReadyHandler.java:57) ~[xnio-api-3.3.8.Final.jar!/:3.3.8.Final]
	at org.xnio.nio.NioSocketConduit.forceTermination(NioSocketConduit.java:107) ~[xnio-nio-3.3.8.Final.jar!/:3.3.8.Final]
	at org.xnio.nio.WorkerThread.run(WorkerThread.java:494) ~[xnio-nio-3.3.8.Final.jar!/:3.3.8.Final]

2020-12-05 16:28:32.025  INFO 13176 --- [main] lavalink.server.Launcher                 : 

[32m       .  [31m _                  _ _       _    [32m__ _ _
[32m      /\\ [31m| | __ ___   ____ _| (_)_ __ | | __[32m\ \ \ \
[32m     ( ( )[31m| |/ _` \ \ / / _` | | | '_ \| |/ /[32m \ \ \ \
[32m      \\/ [31m| | (_| |\ V / (_| | | | | | |   < [32m  ) ) ) )
[32m       '  [31m|_|\__,_| \_/ \__,_|_|_|_| |_|_|\_\[32m / / / /
[0m    =========================================[32m/_/_/_/[0m

	Version:        3.3.2.2
	Build:          1155
	Build time:     28.11.2020 11:50:13 UTC
	Branch          dev
	Commit:         23c883a
	Commit time:    28.11.2020 11:42:10 UTC
	JVM:            15.0.1
	Lavaplayer      1.3.61

2020-12-05 16:28:32.078  INFO 13176 --- [main] o.s.boot.SpringApplication               : 
  .   ____          _            __ _ _
 /\\ / ___'_ __ _ _(_)_ __  __ _ \ \ \ \
( ( )\___ | '_ | '_| | '_ \/ _` | \ \ \ \
 \\/  ___)| |_)| | | | | || (_| |  ) ) ) )
  '  |____| .__|_| |_|_| |_\__, | / / / /
 =========|_|==============|___/=/_/_/_/
 :: Spring Boot ::        (v2.1.8.RELEASE)


2020-12-05 16:28:32.232  INFO 13176 --- [main] lavalink.server.Launcher                 : Starting Launcher on Thomaz with PID 13176 (C:\Users\thoma\Dev\DiscordBotC-\LavaLink\Lavalink.jar started by thoma in C:\Users\thoma\dev\DiscordBotC-\LavaLink)
2020-12-05 16:28:32.234  INFO 13176 --- [main] lavalink.server.Launcher                 : No active profile set, falling back to default profiles: default
2020-12-05 16:28:32.336  WARN 13176 --- [background-preinit] o.s.h.c.j.Jackson2ObjectMapperBuilder    : For Jackson Kotlin classes support please add "com.fasterxml.jackson.module:jackson-module-kotlin" to the classpath
2020-12-05 16:28:33.973  WARN 13176 --- [main] io.undertow.websockets.jsr               : UT026010: Buffer pool was not set on WebSocketDeploymentInfo, the default pool will be used
2020-12-05 16:28:34.019  INFO 13176 --- [main] io.undertow.servlet                      : Initializing Spring embedded WebApplicationContext
2020-12-05 16:28:34.020  INFO 13176 --- [main] o.s.web.context.ContextLoader            : Root WebApplicationContext: initialization completed in 1732 ms
2020-12-05 16:28:34.547  WARN 13176 --- [main] l.server.config.SentryConfiguration      : Turning off sentry
2020-12-05 16:28:34.966  INFO 13176 --- [main] c.s.d.l.tools.GarbageCollectionMonitor   : GC monitoring enabled, reporting results every 2 minutes.
2020-12-05 16:28:35.288  INFO 13176 --- [main] lavalink.server.config.KoeConfiguration  : OS: Windows 10, Arch: amd64
2020-12-05 16:28:35.289  WARN 13176 --- [main] lavalink.server.config.KoeConfiguration  : This system and architecture appears to not support native audio sending! GC pauses may cause your bot to stutter during playback.
2020-12-05 16:28:35.688  INFO 13176 --- [main] o.s.s.concurrent.ThreadPoolTaskExecutor  : Initializing ExecutorService 'applicationTaskExecutor'
2020-12-05 16:28:36.109  INFO 13176 --- [main] org.xnio                                 : XNIO version 3.3.8.Final
2020-12-05 16:28:36.140  INFO 13176 --- [main] org.xnio.nio                             : XNIO NIO Implementation Version 3.3.8.Final
2020-12-05 16:28:36.255  INFO 13176 --- [main] o.s.b.w.e.u.UndertowServletWebServer     : Undertow started on port(s) 2333 (http) with context path ''
2020-12-05 16:28:36.263  INFO 13176 --- [main] lavalink.server.Launcher                 : Started Launcher in 4.807 seconds (JVM running for 5.309)
2020-12-05 16:28:36.265  INFO 13176 --- [main] lavalink.server.Launcher                 : You can safely ignore the big red warning about illegal reflection. See https://github.com/Frederikam/Lavalink/issues/295
2020-12-05 16:28:50.154  INFO 13176 --- [XNIO-1 task-1] io.undertow.servlet                      : Initializing Spring DispatcherServlet 'dispatcherServlet'
2020-12-05 16:28:50.155  INFO 13176 --- [XNIO-1 task-1] o.s.web.servlet.DispatcherServlet        : Initializing Servlet 'dispatcherServlet'
2020-12-05 16:28:50.165  INFO 13176 --- [XNIO-1 task-1] o.s.web.servlet.DispatcherServlet        : Completed initialization in 10 ms
2020-12-05 16:28:50.195  INFO 13176 --- [XNIO-1 task-1] l.server.io.HandshakeInterceptorImpl     : Incoming connection from /127.0.0.1:64449
2020-12-05 16:28:50.270  INFO 13176 --- [XNIO-1 task-1] lavalink.server.io.SocketServer          : Connection successfully established from /127.0.0.1:64449
2020-12-05 16:30:11.809  INFO 13176 --- [XNIO-1 I/O-5] lavalink.server.io.SocketServer          : Connection closed from /127.0.0.1:64449 -- CloseStatus[code=1006, reason=]
2020-12-05 16:30:11.810  INFO 13176 --- [XNIO-1 I/O-5] lavalink.server.io.SocketContext         : Shutting down 0 playing players.
2020-12-05 16:30:15.450  INFO 13176 --- [XNIO-1 task-2] l.server.io.HandshakeInterceptorImpl     : Incoming connection from /127.0.0.1:64460
2020-12-05 16:30:15.455  INFO 13176 --- [XNIO-1 task-2] lavalink.server.io.SocketServer          : Connection successfully established from /127.0.0.1:64460
2020-12-05 16:30:36.738  INFO 13176 --- [XNIO-1 I/O-8] lavalink.server.io.SocketServer          : Connection closed from /127.0.0.1:64460 -- CloseStatus[code=1006, reason=]
2020-12-05 16:30:36.739  INFO 13176 --- [XNIO-1 I/O-8] lavalink.server.io.SocketContext         : Shutting down 0 playing players.
2020-12-05 16:33:38.086  INFO 13176 --- [XNIO-1 task-3] l.server.io.HandshakeInterceptorImpl     : Incoming connection from /127.0.0.1:64485
2020-12-05 16:33:38.090  INFO 13176 --- [XNIO-1 task-3] lavalink.server.io.SocketServer          : Connection successfully established from /127.0.0.1:64485
2020-12-05 16:58:16.364  INFO 13176 --- [XNIO-1 I/O-1] lavalink.server.io.SocketServer          : Connection closed from /127.0.0.1:64485 -- CloseStatus[code=1006, reason=]
2020-12-05 16:58:16.365  INFO 13176 --- [XNIO-1 I/O-1] lavalink.server.io.SocketContext         : Shutting down 0 playing players.
2020-12-05 16:58:20.369  INFO 13176 --- [XNIO-1 task-4] l.server.io.HandshakeInterceptorImpl     : Incoming connection from /127.0.0.1:64730
2020-12-05 16:58:20.375  INFO 13176 --- [XNIO-1 task-4] lavalink.server.io.SocketServer          : Connection successfully established from /127.0.0.1:64730
2020-12-05 16:59:08.875  INFO 13176 --- [XNIO-1 I/O-6] lavalink.server.io.SocketServer          : Connection closed from /127.0.0.1:64730 -- CloseStatus[code=1006, reason=]
2020-12-05 16:59:08.875  INFO 13176 --- [XNIO-1 I/O-6] lavalink.server.io.SocketContext         : Shutting down 0 playing players.
2020-12-05 17:00:02.554  INFO 18720 --- [main] lavalink.server.Launcher                 : 

[32m       .  [31m _                  _ _       _    [32m__ _ _
[32m      /\\ [31m| | __ ___   ____ _| (_)_ __ | | __[32m\ \ \ \
[32m     ( ( )[31m| |/ _` \ \ / / _` | | | '_ \| |/ /[32m \ \ \ \
[32m      \\/ [31m| | (_| |\ V / (_| | | | | | |   < [32m  ) ) ) )
[32m       '  [31m|_|\__,_| \_/ \__,_|_|_|_| |_|_|\_\[32m / / / /
[0m    =========================================[32m/_/_/_/[0m

	Version:        3.3.2.2
	Build:          1155
	Build time:     28.11.2020 11:50:13 UTC
	Branch          dev
	Commit:         23c883a
	Commit time:    28.11.2020 11:42:10 UTC
	JVM:            15.0.1
	Lavaplayer      1.3.61

2020-12-05 17:00:02.591  INFO 18720 --- [main] o.s.boot.SpringApplication               : 
  .   ____          _            __ _ _
 /\\ / ___'_ __ _ _(_)_ __  __ _ \ \ \ \
( ( )\___ | '_ | '_| | '_ \/ _` | \ \ \ \
 \\/  ___)| |_)| | | | | || (_| |  ) ) ) )
  '  |____| .__|_| |_|_| |_\__, | / / / /
 =========|_|==============|___/=/_/_/_/
 :: Spring Boot ::        (v2.1.8.RELEASE)


2020-12-05 17:00:02.697  INFO 18720 --- [main] lavalink.server.Launcher                 : Starting Launcher on Thomaz with PID 18720 (C:\Users\thoma\Dev\DiscordBotC-\LavaLink\Lavalink.jar started by thoma in C:\Users\thoma\Dev\DiscordBotC-\LavaLink)
2020-12-05 17:00:02.697  INFO 18720 --- [main] lavalink.server.Launcher                 : No active profile set, falling back to default profiles: default
2020-12-05 17:00:02.787  WARN 18720 --- [background-preinit] o.s.h.c.j.Jackson2ObjectMapperBuilder    : For Jackson Kotlin classes support please add "com.fasterxml.jackson.module:jackson-module-kotlin" to the classpath
2020-12-05 17:00:04.179  WARN 18720 --- [main] io.undertow.websockets.jsr               : UT026010: Buffer pool was not set on WebSocketDeploymentInfo, the default pool will be used
2020-12-05 17:00:04.214  INFO 18720 --- [main] io.undertow.servlet                      : Initializing Spring embedded WebApplicationContext
2020-12-05 17:00:04.214  INFO 18720 --- [main] o.s.web.context.ContextLoader            : Root WebApplicationContext: initialization completed in 1465 ms
2020-12-05 17:00:04.669  WARN 18720 --- [main] l.server.config.SentryConfiguration      : Turning off sentry
2020-12-05 17:00:04.998  INFO 18720 --- [main] c.s.d.l.tools.GarbageCollectionMonitor   : GC monitoring enabled, reporting results every 2 minutes.
2020-12-05 17:00:05.231  INFO 18720 --- [main] lavalink.server.config.KoeConfiguration  : OS: Windows 10, Arch: amd64
2020-12-05 17:00:05.232  WARN 18720 --- [main] lavalink.server.config.KoeConfiguration  : This system and architecture appears to not support native audio sending! GC pauses may cause your bot to stutter during playback.
2020-12-05 17:00:05.540  INFO 18720 --- [main] o.s.s.concurrent.ThreadPoolTaskExecutor  : Initializing ExecutorService 'applicationTaskExecutor'
2020-12-05 17:00:05.866  INFO 18720 --- [main] org.xnio                                 : XNIO version 3.3.8.Final
2020-12-05 17:00:05.882  INFO 18720 --- [main] org.xnio.nio                             : XNIO NIO Implementation Version 3.3.8.Final
2020-12-05 17:00:05.972  INFO 18720 --- [main] ConditionEvaluationReportLoggingListener : 

Error starting ApplicationContext. To display the conditions report re-run your application with 'debug' enabled.
2020-12-05 17:00:05.976 ERROR 18720 --- [main] lavalink.server.Launcher                 : Application failed

org.springframework.boot.web.server.PortInUseException: Port 2333 is already in use
	at org.springframework.boot.web.embedded.undertow.UndertowServletWebServer.start(UndertowServletWebServer.java:154) ~[spring-boot-2.1.8.RELEASE.jar!/:2.1.8.RELEASE]
	at org.springframework.boot.web.servlet.context.ServletWebServerApplicationContext.startWebServer(ServletWebServerApplicationContext.java:297) ~[spring-boot-2.1.8.RELEASE.jar!/:2.1.8.RELEASE]
	at org.springframework.boot.web.servlet.context.ServletWebServerApplicationContext.finishRefresh(ServletWebServerApplicationContext.java:163) ~[spring-boot-2.1.8.RELEASE.jar!/:2.1.8.RELEASE]
	at org.springframework.context.support.AbstractApplicationContext.refresh(AbstractApplicationContext.java:552) ~[spring-context-5.1.9.RELEASE.jar!/:5.1.9.RELEASE]
	at org.springframework.boot.web.servlet.context.ServletWebServerApplicationContext.refresh(ServletWebServerApplicationContext.java:141) ~[spring-boot-2.1.8.RELEASE.jar!/:2.1.8.RELEASE]
	at org.springframework.boot.SpringApplication.refresh(SpringApplication.java:744) ~[spring-boot-2.1.8.RELEASE.jar!/:2.1.8.RELEASE]
	at org.springframework.boot.SpringApplication.refreshContext(SpringApplication.java:391) ~[spring-boot-2.1.8.RELEASE.jar!/:2.1.8.RELEASE]
	at org.springframework.boot.SpringApplication.run(SpringApplication.java:312) ~[spring-boot-2.1.8.RELEASE.jar!/:2.1.8.RELEASE]
	at lavalink.server.Launcher.main(Launcher.kt:127) ~[classes!/:na]
	at java.base/jdk.internal.reflect.NativeMethodAccessorImpl.invoke0(Native Method) ~[na:na]
	at java.base/jdk.internal.reflect.NativeMethodAccessorImpl.invoke(NativeMethodAccessorImpl.java:64) ~[na:na]
	at java.base/jdk.internal.reflect.DelegatingMethodAccessorImpl.invoke(DelegatingMethodAccessorImpl.java:43) ~[na:na]
	at java.base/java.lang.reflect.Method.invoke(Method.java:564) ~[na:na]
	at org.springframework.boot.loader.MainMethodRunner.run(MainMethodRunner.java:48) ~[Lavalink.jar:na]
	at org.springframework.boot.loader.Launcher.launch(Launcher.java:87) ~[Lavalink.jar:na]
	at org.springframework.boot.loader.Launcher.launch(Launcher.java:51) ~[Lavalink.jar:na]
	at org.springframework.boot.loader.JarLauncher.main(JarLauncher.java:52) ~[Lavalink.jar:na]

2020-12-05 17:00:05.979 ERROR 18720 --- [main] o.s.b.d.LoggingFailureAnalysisReporter   : 

***************************
APPLICATION FAILED TO START
***************************

Description:

Web server failed to start. Port 2333 was already in use.

Action:

Identify and stop the process that's listening on port 2333 or configure this application to listen on another port.

2020-12-05 17:00:05.984  INFO 18720 --- [main] o.s.s.concurrent.ThreadPoolTaskExecutor  : Shutting down ExecutorService 'applicationTaskExecutor'
2020-12-05 17:00:05.985  INFO 18720 --- [main] c.s.d.l.tools.GarbageCollectionMonitor   : GC monitoring disabled.
2020-12-05 17:09:58.108  INFO 13176 --- [XNIO-1 task-5] l.server.io.HandshakeInterceptorImpl     : Incoming connection from /127.0.0.1:64905
2020-12-05 17:09:58.112  INFO 13176 --- [XNIO-1 task-5] lavalink.server.io.SocketServer          : Connection successfully established from /127.0.0.1:64905
2020-12-05 17:10:37.065  INFO 13176 --- [XNIO-1 I/O-5] lavalink.server.io.SocketServer          : Connection closed from /127.0.0.1:64905 -- CloseStatus[code=1006, reason=]
2020-12-05 17:10:37.066  INFO 13176 --- [XNIO-1 I/O-5] lavalink.server.io.SocketContext         : Shutting down 0 playing players.
2020-12-05 17:10:40.839  INFO 13176 --- [XNIO-1 task-6] l.server.io.HandshakeInterceptorImpl     : Incoming connection from /127.0.0.1:64912
2020-12-05 17:10:40.845  INFO 13176 --- [XNIO-1 task-6] lavalink.server.io.SocketServer          : Connection successfully established from /127.0.0.1:64912
2020-12-05 17:11:27.200  INFO 13176 --- [XNIO-1 I/O-4] lavalink.server.io.SocketServer          : Connection closed from /127.0.0.1:64912 -- CloseStatus[code=1006, reason=]
2020-12-05 17:11:27.200  INFO 13176 --- [XNIO-1 I/O-4] lavalink.server.io.SocketContext         : Shutting down 0 playing players.
2020-12-05 17:11:41.363  INFO 13176 --- [XNIO-1 task-7] l.server.io.HandshakeInterceptorImpl     : Incoming connection from /127.0.0.1:64920
2020-12-05 17:11:41.367  INFO 13176 --- [XNIO-1 task-7] lavalink.server.io.SocketServer          : Connection successfully established from /127.0.0.1:64920
2020-12-05 17:12:26.414  INFO 13176 --- [XNIO-1 task-8] l.server.player.AudioLoaderRestHandler   : Got request to load for identifier "ytsearch:https://www.youtube.com/watch?v=dBQv7uS6XWw"
2020-12-05 17:12:27.633  INFO 13176 --- [lava-daemon-pool-info-loader-2-thread-1] lavalink.server.player.AudioLoader       : Loaded playlist Search results for: https://www.youtube.com/watch?v=dBQv7uS6XWw
2020-12-05 17:13:07.896  INFO 13176 --- [XNIO-1 I/O-4] lavalink.server.io.SocketServer          : Connection closed from /127.0.0.1:64920 -- CloseStatus[code=1006, reason=]
2020-12-05 17:13:07.897  INFO 13176 --- [XNIO-1 I/O-4] lavalink.server.io.SocketContext         : Shutting down 0 playing players.
2020-12-05 17:13:36.213  INFO 13176 --- [XNIO-1 task-10] l.server.io.HandshakeInterceptorImpl     : Incoming connection from /127.0.0.1:64949
2020-12-05 17:13:36.217  INFO 13176 --- [XNIO-1 task-10] lavalink.server.io.SocketServer          : Connection successfully established from /127.0.0.1:64949
2020-12-05 17:17:50.994  INFO 7884 --- [main] lavalink.server.Launcher                 : 

[32m       .  [31m _                  _ _       _    [32m__ _ _
[32m      /\\ [31m| | __ ___   ____ _| (_)_ __ | | __[32m\ \ \ \
[32m     ( ( )[31m| |/ _` \ \ / / _` | | | '_ \| |/ /[32m \ \ \ \
[32m      \\/ [31m| | (_| |\ V / (_| | | | | | |   < [32m  ) ) ) )
[32m       '  [31m|_|\__,_| \_/ \__,_|_|_|_| |_|_|\_\[32m / / / /
[0m    =========================================[32m/_/_/_/[0m

	Version:        3.3.2.2
	Build:          1155
	Build time:     28.11.2020 11:50:13 UTC
	Branch          dev
	Commit:         23c883a
	Commit time:    28.11.2020 11:42:10 UTC
	JVM:            15.0.1
	Lavaplayer      1.3.61

2020-12-05 17:17:51.050  INFO 7884 --- [main] o.s.boot.SpringApplication               : 
  .   ____          _            __ _ _
 /\\ / ___'_ __ _ _(_)_ __  __ _ \ \ \ \
( ( )\___ | '_ | '_| | '_ \/ _` | \ \ \ \
 \\/  ___)| |_)| | | | | || (_| |  ) ) ) )
  '  |____| .__|_| |_|_| |_\__, | / / / /
 =========|_|==============|___/=/_/_/_/
 :: Spring Boot ::        (v2.1.8.RELEASE)


2020-12-05 17:17:51.222  INFO 7884 --- [main] lavalink.server.Launcher                 : Starting Launcher on Thomaz with PID 7884 (C:\Users\thoma\Dev\DiscordBotC-\LavaLink\Lavalink.jar started by thoma in C:\Users\thoma\Dev\DiscordBotC-\LavaLink)
2020-12-05 17:17:51.223  INFO 7884 --- [main] lavalink.server.Launcher                 : No active profile set, falling back to default profiles: default
2020-12-05 17:17:51.284  WARN 7884 --- [background-preinit] o.s.h.c.j.Jackson2ObjectMapperBuilder    : For Jackson Kotlin classes support please add "com.fasterxml.jackson.module:jackson-module-kotlin" to the classpath
2020-12-05 17:17:52.789  WARN 7884 --- [main] io.undertow.websockets.jsr               : UT026010: Buffer pool was not set on WebSocketDeploymentInfo, the default pool will be used
2020-12-05 17:17:52.827  INFO 7884 --- [main] io.undertow.servlet                      : Initializing Spring embedded WebApplicationContext
2020-12-05 17:17:52.828  INFO 7884 --- [main] o.s.web.context.ContextLoader            : Root WebApplicationContext: initialization completed in 1527 ms
2020-12-05 17:17:53.350  WARN 7884 --- [main] l.server.config.SentryConfiguration      : Turning off sentry
2020-12-05 17:17:53.758  INFO 7884 --- [main] c.s.d.l.tools.GarbageCollectionMonitor   : GC monitoring enabled, reporting results every 2 minutes.
2020-12-05 17:17:54.095  INFO 7884 --- [main] lavalink.server.config.KoeConfiguration  : OS: Windows 10, Arch: amd64
2020-12-05 17:17:54.095  WARN 7884 --- [main] lavalink.server.config.KoeConfiguration  : This system and architecture appears to not support native audio sending! GC pauses may cause your bot to stutter during playback.
2020-12-05 17:17:54.462  INFO 7884 --- [main] o.s.s.concurrent.ThreadPoolTaskExecutor  : Initializing ExecutorService 'applicationTaskExecutor'
2020-12-05 17:17:54.861  INFO 7884 --- [main] org.xnio                                 : XNIO version 3.3.8.Final
2020-12-05 17:17:54.883  INFO 7884 --- [main] org.xnio.nio                             : XNIO NIO Implementation Version 3.3.8.Final
2020-12-05 17:17:55.007  INFO 7884 --- [main] ConditionEvaluationReportLoggingListener : 

Error starting ApplicationContext. To display the conditions report re-run your application with 'debug' enabled.
2020-12-05 17:17:55.014 ERROR 7884 --- [main] lavalink.server.Launcher                 : Application failed

org.springframework.boot.web.server.PortInUseException: Port 2333 is already in use
	at org.springframework.boot.web.embedded.undertow.UndertowServletWebServer.start(UndertowServletWebServer.java:154) ~[spring-boot-2.1.8.RELEASE.jar!/:2.1.8.RELEASE]
	at org.springframework.boot.web.servlet.context.ServletWebServerApplicationContext.startWebServer(ServletWebServerApplicationContext.java:297) ~[spring-boot-2.1.8.RELEASE.jar!/:2.1.8.RELEASE]
	at org.springframework.boot.web.servlet.context.ServletWebServerApplicationContext.finishRefresh(ServletWebServerApplicationContext.java:163) ~[spring-boot-2.1.8.RELEASE.jar!/:2.1.8.RELEASE]
	at org.springframework.context.support.AbstractApplicationContext.refresh(AbstractApplicationContext.java:552) ~[spring-context-5.1.9.RELEASE.jar!/:5.1.9.RELEASE]
	at org.springframework.boot.web.servlet.context.ServletWebServerApplicationContext.refresh(ServletWebServerApplicationContext.java:141) ~[spring-boot-2.1.8.RELEASE.jar!/:2.1.8.RELEASE]
	at org.springframework.boot.SpringApplication.refresh(SpringApplication.java:744) ~[spring-boot-2.1.8.RELEASE.jar!/:2.1.8.RELEASE]
	at org.springframework.boot.SpringApplication.refreshContext(SpringApplication.java:391) ~[spring-boot-2.1.8.RELEASE.jar!/:2.1.8.RELEASE]
	at org.springframework.boot.SpringApplication.run(SpringApplication.java:312) ~[spring-boot-2.1.8.RELEASE.jar!/:2.1.8.RELEASE]
	at lavalink.server.Launcher.main(Launcher.kt:127) ~[classes!/:na]
	at java.base/jdk.internal.reflect.NativeMethodAccessorImpl.invoke0(Native Method) ~[na:na]
	at java.base/jdk.internal.reflect.NativeMethodAccessorImpl.invoke(NativeMethodAccessorImpl.java:64) ~[na:na]
	at java.base/jdk.internal.reflect.DelegatingMethodAccessorImpl.invoke(DelegatingMethodAccessorImpl.java:43) ~[na:na]
	at java.base/java.lang.reflect.Method.invoke(Method.java:564) ~[na:na]
	at org.springframework.boot.loader.MainMethodRunner.run(MainMethodRunner.java:48) ~[Lavalink.jar:na]
	at org.springframework.boot.loader.Launcher.launch(Launcher.java:87) ~[Lavalink.jar:na]
	at org.springframework.boot.loader.Launcher.launch(Launcher.java:51) ~[Lavalink.jar:na]
	at org.springframework.boot.loader.JarLauncher.main(JarLauncher.java:52) ~[Lavalink.jar:na]

2020-12-05 17:17:55.019 ERROR 7884 --- [main] o.s.b.d.LoggingFailureAnalysisReporter   : 

***************************
APPLICATION FAILED TO START
***************************

Description:

Web server failed to start. Port 2333 was already in use.

Action:

Identify and stop the process that's listening on port 2333 or configure this application to listen on another port.

2020-12-05 17:17:55.023  INFO 7884 --- [main] o.s.s.concurrent.ThreadPoolTaskExecutor  : Shutting down ExecutorService 'applicationTaskExecutor'
2020-12-05 17:17:55.025  INFO 7884 --- [main] c.s.d.l.tools.GarbageCollectionMonitor   : GC monitoring disabled.
2020-12-05 17:21:46.729  INFO 13176 --- [XNIO-1 I/O-1] lavalink.server.io.SocketServer          : Connection closed from /127.0.0.1:64949 -- CloseStatus[code=1006, reason=]
2020-12-05 17:21:46.730  INFO 13176 --- [XNIO-1 I/O-1] lavalink.server.io.SocketContext         : Shutting down 0 playing players.
2020-12-05 17:24:56.659  INFO 13176 --- [Thread-1] o.s.s.concurrent.ThreadPoolTaskExecutor  : Shutting down ExecutorService 'applicationTaskExecutor'
2020-12-05 17:24:56.661  INFO 13176 --- [Thread-1] c.s.d.l.tools.GarbageCollectionMonitor   : GC monitoring disabled.
2020-12-05 17:24:56.664  INFO 13176 --- [Thread-1] io.undertow.servlet                      : Destroying Spring FrameworkServlet 'dispatcherServlet'
2020-12-05 17:25:00.659  INFO 5428 --- [main] lavalink.server.Launcher                 : 

[32m       .  [31m _                  _ _       _    [32m__ _ _
[32m      /\\ [31m| | __ ___   ____ _| (_)_ __ | | __[32m\ \ \ \
[32m     ( ( )[31m| |/ _` \ \ / / _` | | | '_ \| |/ /[32m \ \ \ \
[32m      \\/ [31m| | (_| |\ V / (_| | | | | | |   < [32m  ) ) ) )
[32m       '  [31m|_|\__,_| \_/ \__,_|_|_|_| |_|_|\_\[32m / / / /
[0m    =========================================[32m/_/_/_/[0m

	Version:        3.3.2.2
	Build:          1155
	Build time:     28.11.2020 11:50:13 UTC
	Branch          dev
	Commit:         23c883a
	Commit time:    28.11.2020 11:42:10 UTC
	JVM:            15.0.1
	Lavaplayer      1.3.61

2020-12-05 17:25:00.696  INFO 5428 --- [main] o.s.boot.SpringApplication               : 
  .   ____          _            __ _ _
 /\\ / ___'_ __ _ _(_)_ __  __ _ \ \ \ \
( ( )\___ | '_ | '_| | '_ \/ _` | \ \ \ \
 \\/  ___)| |_)| | | | | || (_| |  ) ) ) )
  '  |____| .__|_| |_|_| |_\__, | / / / /
 =========|_|==============|___/=/_/_/_/
 :: Spring Boot ::        (v2.1.8.RELEASE)


2020-12-05 17:25:00.863  INFO 5428 --- [main] lavalink.server.Launcher                 : Starting Launcher on Thomaz with PID 5428 (C:\Users\thoma\Dev\DiscordBotC-\LavaLink\Lavalink.jar started by thoma in C:\Users\thoma\dev\DiscordBotC-\LavaLink)
2020-12-05 17:25:00.865  INFO 5428 --- [main] lavalink.server.Launcher                 : No active profile set, falling back to default profiles: default
2020-12-05 17:25:00.930  WARN 5428 --- [background-preinit] o.s.h.c.j.Jackson2ObjectMapperBuilder    : For Jackson Kotlin classes support please add "com.fasterxml.jackson.module:jackson-module-kotlin" to the classpath
2020-12-05 17:25:02.391  WARN 5428 --- [main] io.undertow.websockets.jsr               : UT026010: Buffer pool was not set on WebSocketDeploymentInfo, the default pool will be used
2020-12-05 17:25:02.427  INFO 5428 --- [main] io.undertow.servlet                      : Initializing Spring embedded WebApplicationContext
2020-12-05 17:25:02.428  INFO 5428 --- [main] o.s.web.context.ContextLoader            : Root WebApplicationContext: initialization completed in 1494 ms
2020-12-05 17:25:03.128  WARN 5428 --- [main] l.server.config.SentryConfiguration      : Turning off sentry
2020-12-05 17:25:03.493  INFO 5428 --- [main] c.s.d.l.tools.GarbageCollectionMonitor   : GC monitoring enabled, reporting results every 2 minutes.
2020-12-05 17:25:03.822  INFO 5428 --- [main] lavalink.server.config.KoeConfiguration  : OS: Windows 10, Arch: amd64
2020-12-05 17:25:03.823  WARN 5428 --- [main] lavalink.server.config.KoeConfiguration  : This system and architecture appears to not support native audio sending! GC pauses may cause your bot to stutter during playback.
2020-12-05 17:25:04.154  INFO 5428 --- [main] o.s.s.concurrent.ThreadPoolTaskExecutor  : Initializing ExecutorService 'applicationTaskExecutor'
2020-12-05 17:25:04.518  INFO 5428 --- [main] org.xnio                                 : XNIO version 3.3.8.Final
2020-12-05 17:25:04.531  INFO 5428 --- [main] org.xnio.nio                             : XNIO NIO Implementation Version 3.3.8.Final
2020-12-05 17:25:04.633  INFO 5428 --- [main] o.s.b.w.e.u.UndertowServletWebServer     : Undertow started on port(s) 2333 (http) with context path ''
2020-12-05 17:25:04.643  INFO 5428 --- [main] lavalink.server.Launcher                 : Started Launcher in 4.812 seconds (JVM running for 5.576)
2020-12-05 17:25:04.646  INFO 5428 --- [main] lavalink.server.Launcher                 : You can safely ignore the big red warning about illegal reflection. See https://github.com/Frederikam/Lavalink/issues/295
2020-12-05 17:25:11.406  INFO 5428 --- [XNIO-1 task-1] io.undertow.servlet                      : Initializing Spring DispatcherServlet 'dispatcherServlet'
2020-12-05 17:25:11.407  INFO 5428 --- [XNIO-1 task-1] o.s.web.servlet.DispatcherServlet        : Initializing Servlet 'dispatcherServlet'
2020-12-05 17:25:11.416  INFO 5428 --- [XNIO-1 task-1] o.s.web.servlet.DispatcherServlet        : Completed initialization in 8 ms
2020-12-05 17:25:11.445  INFO 5428 --- [XNIO-1 task-1] l.server.io.HandshakeInterceptorImpl     : Incoming connection from /127.0.0.1:65175
2020-12-05 17:25:11.525  INFO 5428 --- [XNIO-1 task-1] lavalink.server.io.SocketServer          : Connection successfully established from /127.0.0.1:65175
2020-12-05 18:01:01.194  INFO 2752 --- [main] lavalink.server.Launcher                 : 

[32m       .  [31m _                  _ _       _    [32m__ _ _
[32m      /\\ [31m| | __ ___   ____ _| (_)_ __ | | __[32m\ \ \ \
[32m     ( ( )[31m| |/ _` \ \ / / _` | | | '_ \| |/ /[32m \ \ \ \
[32m      \\/ [31m| | (_| |\ V / (_| | | | | | |   < [32m  ) ) ) )
[32m       '  [31m|_|\__,_| \_/ \__,_|_|_|_| |_|_|\_\[32m / / / /
[0m    =========================================[32m/_/_/_/[0m

	Version:        3.3.2.2
	Build:          1155
	Build time:     28.11.2020 11:50:13 UTC
	Branch          dev
	Commit:         23c883a
	Commit time:    28.11.2020 11:42:10 UTC
	JVM:            15.0.1
	Lavaplayer      1.3.61

2020-12-05 18:01:01.231  INFO 2752 --- [main] o.s.boot.SpringApplication               : 
  .   ____          _            __ _ _
 /\\ / ___'_ __ _ _(_)_ __  __ _ \ \ \ \
( ( )\___ | '_ | '_| | '_ \/ _` | \ \ \ \
 \\/  ___)| |_)| | | | | || (_| |  ) ) ) )
  '  |____| .__|_| |_|_| |_\__, | / / / /
 =========|_|==============|___/=/_/_/_/
 :: Spring Boot ::        (v2.1.8.RELEASE)


2020-12-05 18:01:01.373  INFO 2752 --- [main] lavalink.server.Launcher                 : Starting Launcher on Thomaz with PID 2752 (C:\Users\thoma\Dev\DiscordBotC-\LavaLink\Lavalink.jar started by thoma in C:\Users\thoma\dev\DiscordBotC-\LavaLink)
2020-12-05 18:01:01.374  INFO 2752 --- [main] lavalink.server.Launcher                 : No active profile set, falling back to default profiles: default
2020-12-05 18:01:01.457  WARN 2752 --- [background-preinit] o.s.h.c.j.Jackson2ObjectMapperBuilder    : For Jackson Kotlin classes support please add "com.fasterxml.jackson.module:jackson-module-kotlin" to the classpath
2020-12-05 18:01:02.836  WARN 2752 --- [main] io.undertow.websockets.jsr               : UT026010: Buffer pool was not set on WebSocketDeploymentInfo, the default pool will be used
2020-12-05 18:01:02.883  INFO 2752 --- [main] io.undertow.servlet                      : Initializing Spring embedded WebApplicationContext
2020-12-05 18:01:02.883  INFO 2752 --- [main] o.s.web.context.ContextLoader            : Root WebApplicationContext: initialization completed in 1450 ms
2020-12-05 18:01:03.471  WARN 2752 --- [main] l.server.config.SentryConfiguration      : Turning off sentry
2020-12-05 18:01:03.883  INFO 2752 --- [main] c.s.d.l.tools.GarbageCollectionMonitor   : GC monitoring enabled, reporting results every 2 minutes.
2020-12-05 18:01:04.153  INFO 2752 --- [main] lavalink.server.config.KoeConfiguration  : OS: Windows 10, Arch: amd64
2020-12-05 18:01:04.154  WARN 2752 --- [main] lavalink.server.config.KoeConfiguration  : This system and architecture appears to not support native audio sending! GC pauses may cause your bot to stutter during playback.
2020-12-05 18:01:04.542  INFO 2752 --- [main] o.s.s.concurrent.ThreadPoolTaskExecutor  : Initializing ExecutorService 'applicationTaskExecutor'
2020-12-05 18:01:04.882  INFO 2752 --- [main] org.xnio                                 : XNIO version 3.3.8.Final
2020-12-05 18:01:04.900  INFO 2752 --- [main] org.xnio.nio                             : XNIO NIO Implementation Version 3.3.8.Final
2020-12-05 18:01:04.982  INFO 2752 --- [main] o.s.b.w.e.u.UndertowServletWebServer     : Undertow started on port(s) 2333 (http) with context path ''
2020-12-05 18:01:04.991  INFO 2752 --- [main] lavalink.server.Launcher                 : Started Launcher in 4.4 seconds (JVM running for 4.932)
2020-12-05 18:01:04.992  INFO 2752 --- [main] lavalink.server.Launcher                 : You can safely ignore the big red warning about illegal reflection. See https://github.com/Frederikam/Lavalink/issues/295
2020-12-05 18:02:17.790  INFO 2752 --- [XNIO-1 task-1] io.undertow.servlet                      : Initializing Spring DispatcherServlet 'dispatcherServlet'
2020-12-05 18:02:17.791  INFO 2752 --- [XNIO-1 task-1] o.s.web.servlet.DispatcherServlet        : Initializing Servlet 'dispatcherServlet'
2020-12-05 18:02:17.805  INFO 2752 --- [XNIO-1 task-1] o.s.web.servlet.DispatcherServlet        : Completed initialization in 12 ms
2020-12-05 18:02:17.839  INFO 2752 --- [XNIO-1 task-1] l.server.io.HandshakeInterceptorImpl     : Incoming connection from /127.0.0.1:49370
2020-12-05 18:02:17.914  INFO 2752 --- [XNIO-1 task-1] lavalink.server.io.SocketServer          : Connection successfully established from /127.0.0.1:49370
2020-12-05 18:04:13.773  INFO 2752 --- [XNIO-1 I/O-6] lavalink.server.io.SocketServer          : Connection closed from /127.0.0.1:49370 -- CloseStatus[code=1006, reason=]
2020-12-05 18:04:13.823  INFO 2752 --- [XNIO-1 I/O-6] lavalink.server.io.SocketContext         : Shutting down 0 playing players.
2020-12-05 18:11:45.707  INFO 2752 --- [XNIO-1 task-2] l.server.io.HandshakeInterceptorImpl     : Incoming connection from /127.0.0.1:49822
2020-12-05 18:11:45.713  INFO 2752 --- [XNIO-1 task-2] lavalink.server.io.SocketServer          : Connection successfully established from /127.0.0.1:49822
2020-12-05 18:11:51.390  INFO 2752 --- [XNIO-1 I/O-2] lavalink.server.io.SocketServer          : {"sessionId":"1a56308b95a62aa603670ac40a00c8d0","event":{"token":"d416259bc4ce037b","guild_id":"156864329952526336","endpoint":"brazil371.discord.media:443"},"op":"voiceUpdate","guildId":"156864329952526336"}
2020-12-05 18:20:07.904  INFO 2752 --- [XNIO-1 I/O-2] lavalink.server.io.SocketServer          : Connection closed from /127.0.0.1:49822 -- CloseStatus[code=1006, reason=]
2020-12-05 18:20:07.905  INFO 2752 --- [XNIO-1 I/O-2] lavalink.server.io.SocketContext         : Shutting down 0 playing players.
2020-12-05 18:20:18.806  INFO 2752 --- [XNIO-1 task-3] l.server.io.HandshakeInterceptorImpl     : Incoming connection from /127.0.0.1:49965
2020-12-05 18:20:18.810  INFO 2752 --- [XNIO-1 task-3] lavalink.server.io.SocketServer          : Connection successfully established from /127.0.0.1:49965
2020-12-05 18:20:22.816  INFO 2752 --- [XNIO-1 I/O-1] lavalink.server.io.SocketServer          : {"sessionId":"e547ea84fcbaa073cef8b36addc62165","event":{"token":"73ee8613ba035b1f","guild_id":"156864329952526336","endpoint":"brazil371.discord.media:443"},"op":"voiceUpdate","guildId":"156864329952526336"}
2020-12-05 18:20:33.251  INFO 2752 --- [XNIO-1 task-4] l.server.player.AudioLoaderRestHandler   : Got request to load for identifier "ytsearch:https://www.youtube.com/watch?v=dBQv7uS6XWw"
2020-12-05 18:20:34.358  INFO 2752 --- [lava-daemon-pool-info-loader-2-thread-1] lavalink.server.player.AudioLoader       : Loaded playlist Search results for: https://www.youtube.com/watch?v=dBQv7uS6XWw
2020-12-05 18:20:39.788  INFO 2752 --- [XNIO-1 I/O-1] lavalink.server.io.SocketServer          : {"track":"QAAAhAIAHEVtaW5lbSAtIEJlbGlldmUgJ0xFR0VOREFETycADlNoYWR5IExlZ2VuZGFzAAAAAAAE8aAAC2RCUXY3dVM2WFd3AAEAK2h0dHBzOi8vd3d3LnlvdXR1YmUuY29tL3dhdGNoP3Y9ZEJRdjd1UzZYV3cAB3lvdXR1YmUAAAAAAAAAAA==","op":"play","guildId":"156864329952526336"}
2020-12-05 18:26:25.220  INFO 2752 --- [XNIO-1 task-6] l.server.player.AudioLoaderRestHandler   : Got request to load for identifier "ytsearch:eminem"
2020-12-05 18:26:26.290  INFO 2752 --- [lava-daemon-pool-info-loader-2-thread-1] lavalink.server.player.AudioLoader       : Loaded playlist Search results for: eminem
2020-12-05 18:26:27.361  INFO 2752 --- [XNIO-1 I/O-1] lavalink.server.io.SocketServer          : {"track":"QAAAfgIAG0VtaW5lbSAtIExvc2UgWW91cnNlbGYgW0hEXQAJbXN2b2d1ZTIzAAAAAAAE8aAAC19ZaHlwLV9oWDJzAAEAK2h0dHBzOi8vd3d3LnlvdXR1YmUuY29tL3dhdGNoP3Y9X1loeXAtX2hYMnMAB3lvdXR1YmUAAAAAAAAAAA==","op":"play","guildId":"156864329952526336"}
2020-12-05 18:36:44.122  INFO 2752 --- [XNIO-1 I/O-1] lavalink.server.io.SocketServer          : Connection closed from /127.0.0.1:49965 -- CloseStatus[code=1006, reason=]
2020-12-05 18:36:44.123  INFO 2752 --- [XNIO-1 I/O-1] lavalink.server.io.SocketContext         : Shutting down 0 playing players.
2020-12-05 18:36:48.171  INFO 2752 --- [XNIO-1 task-8] l.server.io.HandshakeInterceptorImpl     : Incoming connection from /127.0.0.1:50495
2020-12-05 18:36:48.177  INFO 2752 --- [XNIO-1 task-8] lavalink.server.io.SocketServer          : Connection successfully established from /127.0.0.1:50495
2020-12-05 18:45:33.382  INFO 2752 --- [XNIO-1 I/O-3] lavalink.server.io.SocketServer          : Connection closed from /127.0.0.1:50495 -- CloseStatus[code=1006, reason=]
2020-12-05 18:45:33.383  INFO 2752 --- [XNIO-1 I/O-3] lavalink.server.io.SocketContext         : Shutting down 0 playing players.
2020-12-05 18:45:53.648  INFO 2752 --- [XNIO-1 task-9] l.server.io.HandshakeInterceptorImpl     : Incoming connection from /127.0.0.1:50718
2020-12-05 18:45:53.653  INFO 2752 --- [XNIO-1 task-9] lavalink.server.io.SocketServer          : Connection successfully established from /127.0.0.1:50718
2020-12-05 18:46:19.612  INFO 2752 --- [XNIO-1 I/O-2] lavalink.server.io.SocketServer          : {"sessionId":"1f6703ff53fa06d2b273958703692321","event":{"token":"1b36369274276b5d","guild_id":"334794613116239872","endpoint":"brazil2249.discord.media:443"},"op":"voiceUpdate","guildId":"334794613116239872"}
2020-12-05 18:46:36.486  INFO 2752 --- [XNIO-1 task-10] l.server.player.AudioLoaderRestHandler   : Got request to load for identifier "ytsearch:https://www.youtube.com/watch?v=dBQv7uS6XWw"
2020-12-05 18:46:37.401  INFO 2752 --- [lava-daemon-pool-info-loader-2-thread-1] lavalink.server.player.AudioLoader       : Loaded playlist Search results for: https://www.youtube.com/watch?v=dBQv7uS6XWw
2020-12-05 18:46:37.444  INFO 2752 --- [XNIO-1 I/O-2] lavalink.server.io.SocketServer          : {"track":"QAAAhAIAHEVtaW5lbSAtIEJlbGlldmUgJ0xFR0VOREFETycADlNoYWR5IExlZ2VuZGFzAAAAAAAE8aAAC2RCUXY3dVM2WFd3AAEAK2h0dHBzOi8vd3d3LnlvdXR1YmUuY29tL3dhdGNoP3Y9ZEJRdjd1UzZYV3cAB3lvdXR1YmUAAAAAAAAAAA==","op":"play","guildId":"334794613116239872"}
2020-12-05 18:48:22.194  INFO 2752 --- [XNIO-1 I/O-2] lavalink.server.io.SocketServer          : Connection closed from /127.0.0.1:50718 -- CloseStatus[code=1006, reason=]
2020-12-05 18:48:22.194  INFO 2752 --- [XNIO-1 I/O-2] lavalink.server.io.SocketContext         : Shutting down 1 playing players.
2020-12-05 18:48:52.895  INFO 2752 --- [Thread-1] o.s.s.concurrent.ThreadPoolTaskExecutor  : Shutting down ExecutorService 'applicationTaskExecutor'
2020-12-05 18:48:52.897  INFO 2752 --- [Thread-1] c.s.d.l.tools.GarbageCollectionMonitor   : GC monitoring disabled.
2020-12-05 18:48:52.902  INFO 2752 --- [Thread-1] io.undertow.servlet                      : Destroying Spring FrameworkServlet 'dispatcherServlet'
